<?xml version="1.0" encoding="UTF-8"?>
<testng-results ignored="0" total="1" passed="1" failed="0" skipped="0">
  <reporter-output>
  </reporter-output>
  <suite started-at="2022-03-14T17:48:03 IST" name="Suite" finished-at="2022-03-14T17:48:59 IST" duration-ms="56419">
    <groups>
    </groups>
    <test started-at="2022-03-14T17:48:03 IST" name="Test" finished-at="2022-03-14T17:48:59 IST" duration-ms="56419">
      <class name="com.Testng.phase5.Registration_Form_Automation.RegistrationForm">
        <test-method signature="invokeBrowser()[pri:0, instance:com.Testng.phase5.Registration_Form_Automation.RegistrationForm@1ba9117e]" started-at="2022-03-14T17:48:03 IST" name="invokeBrowser" finished-at="2022-03-14T17:48:59 IST" duration-ms="56380" status="PASS">
          <reporter-output>
          </reporter-output>
        </test-method> <!-- invokeBrowser -->
      </class> <!-- com.Testng.phase5.Registration_Form_Automation.RegistrationForm -->
    </test> <!-- Test -->
  </suite> <!-- Suite -->
</testng-results>
